WARN  [Thread-91] portico.lrc: WARNING Federate [WorkwayFed89] Not ticking enough, queue is getting fat! (size=534, warningLevel=500)
WARN  [Thread-99] portico.lrc: WARNING Federate [WorkwayFed97] Not ticking enough, queue is getting fat! (size=556, warningLevel=500)
WARN  [Thread-63] portico.lrc: WARNING Federate [WorkwayFed61] Not ticking enough, queue is getting fat! (size=537, warningLevel=500)
WARN  [Thread-76] portico.lrc: WARNING Federate [WorkwayFed74] Not ticking enough, queue is getting fat! (size=534, warningLevel=500)
WARN  [Thread-72] portico.lrc: WARNING Federate [WorkwayFed70] Not ticking enough, queue is getting fat! (size=542, warningLevel=500)
WARN  [Thread-96] portico.lrc: WARNING Federate [WorkwayFed94] Not ticking enough, queue is getting fat! (size=541, warningLevel=500)
WARN  [Thread-97] portico.lrc: WARNING Federate [WorkwayFed95] Not ticking enough, queue is getting fat! (size=535, warningLevel=500)
WARN  [Thread-98] portico.lrc: WARNING Federate [WorkwayFed96] Not ticking enough, queue is getting fat! (size=537, warningLevel=500)
WARN  [Thread-78] portico.lrc: WARNING Federate [WorkwayFed76] Not ticking enough, queue is getting fat! (size=536, warningLevel=500)
WARN  [Thread-68] portico.lrc: WARNING Federate [WorkwayFed66] Not ticking enough, queue is getting fat! (size=538, warningLevel=500)
WARN  [Thread-71] portico.lrc: WARNING Federate [WorkwayFed69] Not ticking enough, queue is getting fat! (size=540, warningLevel=500)
WARN  [Thread-67] portico.lrc: WARNING Federate [WorkwayFed65] Not ticking enough, queue is getting fat! (size=541, warningLevel=500)
WARN  [Thread-66] portico.lrc: WARNING Federate [WorkwayFed64] Not ticking enough, queue is getting fat! (size=545, warningLevel=500)
WARN  [Thread-62] portico.lrc: WARNING Federate [WorkwayFed60] Not ticking enough, queue is getting fat! (size=545, warningLevel=500)
WARN  [Thread-79] portico.lrc: WARNING Federate [WorkwayFed77] Not ticking enough, queue is getting fat! (size=548, warningLevel=500)
WARN  [Thread-82] portico.lrc: WARNING Federate [WorkwayFed80] Not ticking enough, queue is getting fat! (size=548, warningLevel=500)
WARN  [Thread-77] portico.lrc: WARNING Federate [WorkwayFed75] Not ticking enough, queue is getting fat! (size=544, warningLevel=500)
WARN  [Thread-94] portico.lrc: WARNING Federate [WorkwayFed92] Not ticking enough, queue is getting fat! (size=536, warningLevel=500)
WARN  [Thread-60] portico.lrc: WARNING Federate [WorkwayFed58] Not ticking enough, queue is getting fat! (size=544, warningLevel=500)
WARN  [Thread-86] portico.lrc: WARNING Federate [WorkwayFed84] Not ticking enough, queue is getting fat! (size=539, warningLevel=500)
WARN  [Thread-64] portico.lrc: WARNING Federate [WorkwayFed62] Not ticking enough, queue is getting fat! (size=540, warningLevel=500)
WARN  [Thread-73] portico.lrc: WARNING Federate [WorkwayFed71] Not ticking enough, queue is getting fat! (size=539, warningLevel=500)
WARN  [Thread-81] portico.lrc: WARNING Federate [WorkwayFed79] Not ticking enough, queue is getting fat! (size=544, warningLevel=500)
WARN  [Thread-80] portico.lrc: WARNING Federate [WorkwayFed78] Not ticking enough, queue is getting fat! (size=544, warningLevel=500)
WARN  [Thread-84] portico.lrc: WARNING Federate [WorkwayFed82] Not ticking enough, queue is getting fat! (size=541, warningLevel=500)
WARN  [Thread-89] portico.lrc: WARNING Federate [WorkwayFed87] Not ticking enough, queue is getting fat! (size=542, warningLevel=500)
WARN  [Thread-30] portico.lrc: WARNING Federate [WorkwayFed28] Not ticking enough, queue is getting fat! (size=570, warningLevel=500)
WARN  [Thread-29] portico.lrc: WARNING Federate [WorkwayFed27] Not ticking enough, queue is getting fat! (size=521, warningLevel=500)
WARN  [Thread-34] portico.lrc: WARNING Federate [WorkwayFed32] Not ticking enough, queue is getting fat! (size=570, warningLevel=500)
WARN  [Thread-28] portico.lrc: WARNING Federate [WorkwayFed26] Not ticking enough, queue is getting fat! (size=521, warningLevel=500)
WARN  [Thread-38] portico.lrc: WARNING Federate [WorkwayFed36] Not ticking enough, queue is getting fat! (size=570, warningLevel=500)
WARN  [Thread-39] portico.lrc: WARNING Federate [WorkwayFed37] Not ticking enough, queue is getting fat! (size=570, warningLevel=500)
WARN  [Thread-47] portico.lrc: WARNING Federate [WorkwayFed45] Not ticking enough, queue is getting fat! (size=548, warningLevel=500)
WARN  [Thread-48] portico.lrc: WARNING Federate [WorkwayFed46] Not ticking enough, queue is getting fat! (size=552, warningLevel=500)
WARN  [Thread-53] portico.lrc: WARNING Federate [WorkwayFed51] Not ticking enough, queue is getting fat! (size=557, warningLevel=500)
WARN  [Thread-54] portico.lrc: WARNING Federate [WorkwayFed52] Not ticking enough, queue is getting fat! (size=557, warningLevel=500)
WARN  [Thread-51] portico.lrc: WARNING Federate [WorkwayFed49] Not ticking enough, queue is getting fat! (size=557, warningLevel=500)
WARN  [Thread-52] portico.lrc: WARNING Federate [WorkwayFed50] Not ticking enough, queue is getting fat! (size=552, warningLevel=500)
WARN  [Thread-17] portico.lrc: WARNING Federate [WorkwayFed15] Not ticking enough, queue is getting fat! (size=588, warningLevel=500)
ERROR [Thread-99] portico.lrc: FAILURE Exception encountered while processing incoming message: null
java.util.ConcurrentModificationException
	at java.util.HashMap$HashIterator.nextNode(Unknown Source)
	at java.util.HashMap$KeyIterator.next(Unknown Source)
	at org.portico.lrc.services.time.handlers.incoming.TimeAdvanceRequestIncomingHandler.issueAllPossibleAdvances(TimeAdvanceRequestIncomingHandler.java:152)
	at org.portico.lrc.services.time.handlers.incoming.TimeAdvanceRequestIncomingHandler.process(TimeAdvanceRequestIncomingHandler.java:138)
	at org.portico.utils.messaging.MessageSink.process(MessageSink.java:187)
	at org.portico.lrc.LRC.tickProcess(LRC.java:688)
	at org.portico.lrc.LRC.tick(LRC.java:555)
	at org.portico.impl.hla1516e.Impl1516eHelper.evokeMultiple(Impl1516eHelper.java:188)
	at org.portico.impl.hla1516e.Rti1516eAmbassador.evokeMultipleCallbacks(Rti1516eAmbassador.java:5407)
	at edu.kit.ipd.sdq.modsim.humansim.dslhla.workwaysim.component.WorkwayFederate.advanceTime(WorkwayFederate.java:417)
	at edu.kit.ipd.sdq.modsim.humansim.dslhla.workwaysim.component.WorkwayFederate.synchronisedAdvancedTime(WorkwayFederate.java:429)
	at edu.kit.ipd.sdq.modsim.humansim.dslhla.workwaysim.events.HumanWalkFromBusStopHomeToHomeEvent.eventRoutine(HumanWalkFromBusStopHomeToHomeEvent.java:27)
	at edu.kit.ipd.sdq.modsim.humansim.dslhla.workwaysim.events.HumanWalkFromBusStopHomeToHomeEvent.eventRoutine(HumanWalkFromBusStopHomeToHomeEvent.java:1)
	at de.uka.ipd.sdq.simulation.abstractsimengine.desmoj.DesmoJSimEvent.eventRoutine(DesmoJSimEvent.java:34)
	at de.uka.ipd.sdq.simulation.abstractsimengine.desmoj.DesmoJSimEvent.eventRoutine(DesmoJSimEvent.java:1)
	at desmoj.core.simulator.Scheduler.processNextEventNote(Unknown Source)
	at desmoj.core.simulator.Experiment.proceed(Unknown Source)
	at desmoj.core.simulator.Experiment.start(Unknown Source)
	at desmoj.core.simulator.Experiment.start(Unknown Source)
	at de.uka.ipd.sdq.simulation.abstractsimengine.desmoj.DesmoJExperiment.startSimulator(DesmoJExperiment.java:48)
	at de.uka.ipd.sdq.simulation.abstractsimengine.AbstractExperiment.start(AbstractExperiment.java:59)
	at edu.kit.ipd.sdq.modsim.humansim.dslhla.workwaysim.component.WorkwayModel.run(WorkwayModel.java:436)
	at java.lang.Thread.run(Unknown Source)
WARN  [Thread-7] portico.lrc: WARNING Federate [WorkwayFed5] Not ticking enough, queue is getting fat! (size=515, warningLevel=500)
WARN  [Thread-21] portico.lrc: WARNING Federate [WorkwayFed19] Not ticking enough, queue is getting fat! (size=530, warningLevel=500)
WARN  [Thread-9] portico.lrc: WARNING Federate [WorkwayFed7] Not ticking enough, queue is getting fat! (size=521, warningLevel=500)
WARN  [Thread-13] portico.lrc: WARNING Federate [WorkwayFed11] Not ticking enough, queue is getting fat! (size=572, warningLevel=500)
WARN  [Thread-14] portico.lrc: WARNING Federate [WorkwayFed12] Not ticking enough, queue is getting fat! (size=711, warningLevel=500)
WARN  [Thread-16] portico.lrc: WARNING Federate [WorkwayFed14] Not ticking enough, queue is getting fat! (size=735, warningLevel=500)
WARN  [Thread-61] portico.lrc: WARNING Federate [WorkwayFed59] Not ticking enough, queue is getting fat! (size=708, warningLevel=500)
WARN  [Thread-49] portico.lrc: WARNING Federate [WorkwayFed47] Not ticking enough, queue is getting fat! (size=545, warningLevel=500)
WARN  [Thread-41] portico.lrc: WARNING Federate [WorkwayFed39] Not ticking enough, queue is getting fat! (size=737, warningLevel=500)
WARN  [Thread-35] portico.lrc: WARNING Federate [WorkwayFed33] Not ticking enough, queue is getting fat! (size=728, warningLevel=500)
WARN  [Thread-47] portico.lrc: WARNING Federate [WorkwayFed45] Not ticking enough, queue is getting fat! (size=818, warningLevel=500)
WARN  [Thread-51] portico.lrc: WARNING Federate [WorkwayFed49] Not ticking enough, queue is getting fat! (size=826, warningLevel=500)
WARN  [Thread-39] portico.lrc: WARNING Federate [WorkwayFed37] Not ticking enough, queue is getting fat! (size=838, warningLevel=500)
WARN  [Thread-45] portico.lrc: WARNING Federate [WorkwayFed43] Not ticking enough, queue is getting fat! (size=808, warningLevel=500)
WARN  [Thread-42] portico.lrc: WARNING Federate [WorkwayFed40] Not ticking enough, queue is getting fat! (size=788, warningLevel=500)
WARN  [Thread-94] portico.lrc: WARNING Federate [WorkwayFed92] Not ticking enough, queue is getting fat! (size=852, warningLevel=500)
WARN  [Thread-56] portico.lrc: WARNING Federate [WorkwayFed54] Not ticking enough, queue is getting fat! (size=961, warningLevel=500)
WARN  [Thread-11] portico.lrc: WARNING Federate [WorkwayFed9] Not ticking enough, queue is getting fat! (size=754, warningLevel=500)
WARN  [Thread-10] portico.lrc: WARNING Federate [WorkwayFed8] Not ticking enough, queue is getting fat! (size=745, warningLevel=500)
WARN  [Thread-6] portico.lrc: WARNING Federate [WorkwayFed4] Not ticking enough, queue is getting fat! (size=620, warningLevel=500)
WARN  [Thread-3] portico.lrc: WARNING Federate [WorkwayFed1] Not ticking enough, queue is getting fat! (size=1081, warningLevel=500)
WARN  [Thread-100] portico.lrc: WARNING Federate [WorkwayFed98] Not ticking enough, queue is getting fat! (size=686, warningLevel=500)
WARN  [Thread-95] portico.lrc: WARNING Federate [WorkwayFed93] Not ticking enough, queue is getting fat! (size=624, warningLevel=500)
WARN  [Thread-93] portico.lrc: WARNING Federate [WorkwayFed91] Not ticking enough, queue is getting fat! (size=1606, warningLevel=500)
WARN  [Thread-8] portico.lrc: WARNING Federate [WorkwayFed6] Not ticking enough, queue is getting fat! (size=545, warningLevel=500)
WARN  [Thread-69] portico.lrc: WARNING Federate [WorkwayFed67] Not ticking enough, queue is getting fat! (size=1383, warningLevel=500)
WARN  [Thread-37] portico.lrc: WARNING Federate [WorkwayFed35] Not ticking enough, queue is getting fat! (size=1488, warningLevel=500)
WARN  [Thread-85] portico.lrc: WARNING Federate [WorkwayFed83] Not ticking enough, queue is getting fat! (size=1394, warningLevel=500)
WARN  [Thread-63] portico.lrc: WARNING Federate [WorkwayFed61] Not ticking enough, queue is getting fat! (size=1209, warningLevel=500)
WARN  [Thread-67] portico.lrc: WARNING Federate [WorkwayFed65] Not ticking enough, queue is getting fat! (size=1325, warningLevel=500)
WARN  [Thread-81] portico.lrc: WARNING Federate [WorkwayFed79] Not ticking enough, queue is getting fat! (size=1757, warningLevel=500)
WARN  [Thread-82] portico.lrc: WARNING Federate [WorkwayFed80] Not ticking enough, queue is getting fat! (size=1646, warningLevel=500)
WARN  [Thread-80] portico.lrc: WARNING Federate [WorkwayFed78] Not ticking enough, queue is getting fat! (size=1757, warningLevel=500)
WARN  [Thread-87] portico.lrc: WARNING Federate [WorkwayFed85] Not ticking enough, queue is getting fat! (size=1437, warningLevel=500)
WARN  [Thread-89] portico.lrc: WARNING Federate [WorkwayFed87] Not ticking enough, queue is getting fat! (size=1671, warningLevel=500)
WARN  [Thread-75] portico.lrc: WARNING Federate [WorkwayFed73] Not ticking enough, queue is getting fat! (size=1885, warningLevel=500)
WARN  [Thread-79] portico.lrc: WARNING Federate [WorkwayFed77] Not ticking enough, queue is getting fat! (size=1384, warningLevel=500)
WARN  [Thread-65] portico.lrc: WARNING Federate [WorkwayFed63] Not ticking enough, queue is getting fat! (size=1402, warningLevel=500)
WARN  [Thread-10] portico.lrc: WARNING Federate [WorkwayFed8] Not ticking enough, queue is getting fat! (size=569, warningLevel=500)
WARN  [Thread-33] portico.lrc: WARNING Federate [WorkwayFed31] Not ticking enough, queue is getting fat! (size=2005, warningLevel=500)
WARN  [Thread-31] portico.lrc: WARNING Federate [WorkwayFed29] Not ticking enough, queue is getting fat! (size=1999, warningLevel=500)
WARN  [Thread-77] portico.lrc: WARNING Federate [WorkwayFed75] Not ticking enough, queue is getting fat! (size=1303, warningLevel=500)
WARN  [Thread-27] portico.lrc: WARNING Federate [WorkwayFed25] Not ticking enough, queue is getting fat! (size=1983, warningLevel=500)
WARN  [Thread-29] portico.lrc: WARNING Federate [WorkwayFed27] Not ticking enough, queue is getting fat! (size=1901, warningLevel=500)
WARN  [Thread-83] portico.lrc: WARNING Federate [WorkwayFed81] Not ticking enough, queue is getting fat! (size=1298, warningLevel=500)
WARN  [Thread-53] portico.lrc: WARNING Federate [WorkwayFed51] Not ticking enough, queue is getting fat! (size=873, warningLevel=500)
WARN  [Thread-55] portico.lrc: WARNING Federate [WorkwayFed53] Not ticking enough, queue is getting fat! (size=1313, warningLevel=500)
WARN  [Thread-43] portico.lrc: WARNING Federate [WorkwayFed41] Not ticking enough, queue is getting fat! (size=556, warningLevel=500)
WARN  [Thread-86] portico.lrc: WARNING Federate [WorkwayFed84] Not ticking enough, queue is getting fat! (size=1364, warningLevel=500)
WARN  [Thread-56] portico.lrc: WARNING Federate [WorkwayFed54] Not ticking enough, queue is getting fat! (size=1315, warningLevel=500)
WARN  [Thread-57] portico.lrc: WARNING Federate [WorkwayFed55] Not ticking enough, queue is getting fat! (size=866, warningLevel=500)
WARN  [Thread-94] portico.lrc: WARNING Federate [WorkwayFed92] Not ticking enough, queue is getting fat! (size=895, warningLevel=500)
WARN  [Thread-73] portico.lrc: WARNING Federate [WorkwayFed71] Not ticking enough, queue is getting fat! (size=1529, warningLevel=500)
WARN  [Thread-71] portico.lrc: WARNING Federate [WorkwayFed69] Not ticking enough, queue is getting fat! (size=1527, warningLevel=500)
WARN  [VERIFY_SUSPECT.TimerThread,HumanSim1,DESKTOP-883B857-50953] portico.lrc.jgroups: Detected that federate [WorkwayFed93] may have crashed, investigating...
WARN  [Thread-45] portico.lrc: WARNING Federate [WorkwayFed43] Not ticking enough, queue is getting fat! (size=2269, warningLevel=500)
WARN  [Thread-99] portico.lrc: WARNING Federate [WorkwayFed97] Not ticking enough, queue is getting fat! (size=2985, warningLevel=500)
